0 info it worked if it ends with ok
1 verbose cli [ 'node', '/usr/local/bin/npm', 'run', 'kss' ]
2 info using npm@2.1.5
3 info using node@v0.11.12
4 verbose run-script [ 'prekss', 'kss', 'postkss' ]
5 info prekss realtime-exchange-rates@1.0.0
6 verbose unsafe-perm in lifecycle true
7 info kss realtime-exchange-rates@1.0.0
8 verbose unsafe-perm in lifecycle true
9 info realtime-exchange-rates@1.0.0 Failed to exec kss script
10 verbose stack Error: Exit status 1
10 verbose stack     at ChildProcess.<anonymous> (/usr/local/lib/node_modules/npm/lib/utils/lifecycle.js:212:16)
10 verbose stack     at ChildProcess.EventEmitter.emit (events.js:107:17)
10 verbose stack     at maybeClose (child_process.js:991:16)
10 verbose stack     at Process.ChildProcess._handle.onexit (child_process.js:1058:5)
11 verbose pkgid realtime-exchange-rates@1.0.0
12 verbose cwd /Users/12/Sites/d3-examples/cod-example
13 error Darwin 14.1.0
14 error argv "node" "/usr/local/bin/npm" "run" "kss"
15 error node v0.11.12
16 error npm  v2.1.5
17 error code ELIFECYCLE
18 error realtime-exchange-rates@1.0.0 kss: `kss-node --config kss-config.json`
18 error Exit status 1
19 error Failed at the realtime-exchange-rates@1.0.0 kss script.
19 error This is most likely a problem with the realtime-exchange-rates package,
19 error not with npm itself.
19 error Tell the author that this fails on your system:
19 error     kss-node --config kss-config.json
19 error You can get their info via:
19 error     npm owner ls realtime-exchange-rates
19 error There is likely additional logging output above.
20 verbose exit [ 1, true ]
